<?xml version="1.0" encoding="utf-8"?><testsuites name="pytest tests"><testsuite name="pytest" errors="0" failures="0" skipped="0" tests="27" time="6.326" timestamp="2026-05-26T03:23:01.599202+00:00" hostname="agent-env-893edfed-ded2-42de-bc9a-3bf85d8b7013"><testcase classname="backend.tests.test_nabimen_api" name="test_health" time="0.159" /><testcase classname="backend.tests.test_nabimen_api" name="test_login_bad_credentials" time="0.355" /><testcase classname="backend.tests.test_nabimen_api" name="test_auth_me" time="0.458" /><testcase classname="backend.tests.test_nabimen_api" name="test_auth_me_no_token" time="0.107" /><testcase classname="backend.tests.test_nabimen_api" name="test_categories_seeded" time="0.103" /><testcase classname="backend.tests.test_nabimen_api" name="test_tag_groups_and_tags" time="0.203" /><testcase classname="backend.tests.test_nabimen_api" name="test_products_sort_and_calc" time="0.102" /><testcase classname="backend.tests.test_nabimen_api" name="test_products_filter_by_category" time="0.235" /><testcase classname="backend.tests.test_nabimen_api" name="test_settings_defaults" time="0.106" /><testcase classname="backend.tests.test_nabimen_api" name="test_settings_update_reflects_in_products" time="0.415" /><testcase classname="backend.tests.test_nabimen_api" name="test_settings_update_requires_auth" time="0.114" /><testcase classname="backend.tests.test_nabimen_api" name="test_product_appears_in_list" time="0.233" /><testcase classname="backend.tests.test_nabimen_api" name="test_product_update_and_delete" time="0.542" /><testcase classname="backend.tests.test_nabimen_api" name="test_products_admin_unauth" time="0.223" /><testcase classname="backend.tests.test_nabimen_api" name="test_category_create_and_delete" time="0.347" /><testcase classname="backend.tests.test_nabimen_api" name="test_tag_group_and_tag_create" time="0.333" /><testcase classname="backend.tests.test_nabimen_api" name="test_orders_list_requires_auth" time="0.124" /><testcase classname="backend.tests.test_nabimen_api" name="test_orders_list" time="0.375" /><testcase classname="backend.tests.test_nabimen_api" name="test_order_status_update" time="0.107" /><testcase classname="backend.tests.test_nabimen_api" name="test_order_arribado_with_shipping" time="0.111" /><testcase classname="backend.tests.test_nabimen_api" name="test_order_invalid_status" time="0.117" /><testcase classname="backend.tests.test_nabimen_api" name="test_order_delete" time="0.109" /><testcase classname="backend.tests.test_nabimen_api" name="test_dashboard_stats" time="0.107" /><testcase classname="backend.tests.test_nabimen_api" name="test_dashboard_stats_unauth" time="0.134" /><testcase classname="backend.tests.test_nabimen_api" name="test_files_full_flow" time="0.665" /><testcase classname="backend.tests.test_nabimen_api" name="test_files_path_traversal_blocked" time="0.111" /><testcase classname="backend.tests.test_nabimen_api" name="test_files_list_unauth" time="0.225" /></testsuite></testsuites>